09:30:55 INFO  : Launching XSDB server: xsdb.bat -interactive C:\Users\MENGXIAN\Desktop\sdk_arduino_IKS01A1\temp_xsdb_launch_script.tcl
09:30:59 INFO  : XSDB server has started successfully.
09:31:35 INFO  : Project 'base_hw_platform_0' created. You can now create BSPs and application projects targeting this hardware platform.
17:44:16 INFO  : Launching XSDB server: xsdb.bat -interactive C:\Users\MENGXIAN\Desktop\sdk_arduino_IKS01A1\temp_xsdb_launch_script.tcl
17:44:17 INFO  : XSDB server has started successfully.
12:06:52 INFO  : Launching XSDB server: xsdb.bat -interactive C:\Users\MENGXIAN\Desktop\sdk_arduino_IKS01A1\temp_xsdb_launch_script.tcl
12:06:54 INFO  : XSDB server has started successfully.
17:49:25 INFO  : Launching XSDB server: xsdb.bat -interactive C:\Users\MENGXIAN\Desktop\sdk_arduino_IKS01A1\temp_xsdb_launch_script.tcl
17:49:27 INFO  : XSDB server has started successfully.
09:23:42 INFO  : Launching XSDB server: xsdb.bat -interactive C:\Users\MENGXIAN\Desktop\sdk_arduino_IKS01A1\temp_xsdb_launch_script.tcl
09:23:54 INFO  : XSDB server has started successfully.
10:50:03 INFO  : Launching XSDB server: xsdb.bat -interactive C:\Users\MENGXIAN\Desktop\sdk_arduino_IKS01A1\temp_xsdb_launch_script.tcl
10:50:04 INFO  : XSDB server has started successfully.
14:11:50 INFO  : Launching XSDB server: xsdb.bat -interactive C:\Users\MENGXIAN\Desktop\sdk_arduino_IKS01A1\temp_xsdb_launch_script.tcl
14:11:53 INFO  : XSDB server has started successfully.
12:34:04 INFO  : Registering command handlers for SDK TCF services
12:34:06 INFO  : Launching XSCT server: xsct -n -interactive /home/junhonglin/Xilinx/STsensorhub/sdk_arduino_IKS01A1/temp_xsdb_launch_script.tcl
12:34:09 INFO  : XSCT server has started successfully.
12:34:09 INFO  : Successfully done setting XSCT server connection channel  
12:34:10 INFO  : Successfully done setting SDK workspace  
13:46:16 ERROR : (XSDB Server)ERROR: [Hsi 55-1594] Core cpu of version 2.4 not found in repositories

13:46:16 ERROR : (XSDB Server)ERROR: [Hsi 55-1594] Core gpio of version 4.1 not found in repositories
ERROR: [Hsi 55-1594] Core gpio of version 4.1 not found in repositories
ERROR: [Hsi 55-1594] Core gpio of version 4.1 not found in repositories
ERROR: [Hsi 55-1594] Core iic of version 3.2 not found in repositories
ERROR: [Hsi 55-1594] Core iic of version 3.2 not found in repositories
ERROR: [Hsi 55-1594] Core tmrctr of version 4.1 not found in repositories

13:46:16 ERROR : (XSDB Server)ERROR: [Hsi 55-1594] Core tmrctr of version 4.1 not found in repositories

13:46:16 ERROR : (XSDB Server)ERROR: [Hsi 55-1594] Core tmrctr of version 4.1 not found in repositories

13:46:16 ERROR : (XSDB Server)ERROR: [Hsi 55-1594] Core tmrctr of version 4.1 not found in repositories

13:46:16 ERROR : (XSDB Server)ERROR: [Hsi 55-1594] Core tmrctr of version 4.1 not found in repositories

13:46:16 ERROR : (XSDB Server)ERROR: [Hsi 55-1594] Core tmrctr of version 4.1 not found in repositories

13:46:16 ERROR : (XSDB Server)ERROR: [Hsi 55-1594] Core sysmon of version 7.2 not found in repositories

13:46:16 ERROR : (XSDB Server)ERROR: [Hsi 55-1594] Core standalone of version 5.4 not found in repositories

13:46:16 ERROR : (XSDB Server)ERROR: [Hsi 55-1452] Error: running open_sw_design.

13:46:16 ERROR :  [Common 17-39] 'hsi::open_sw_design' failed due to earlier errors.
13:46:16 ERROR : (XSDB Server)ERROR: [Hsi 55-1594] Core cpu of version 2.4 not found in repositories

13:46:16 ERROR : (XSDB Server)ERROR: [Hsi 55-1594] Core gpio of version 4.1 not found in repositories

13:46:16 ERROR : (XSDB Server)ERROR: [Hsi 55-1594] Core gpio of version 4.1 not found in repositories

13:46:16 ERROR : (XSDB Server)ERROR: [Hsi 55-1594] Core gpio of version 4.1 not found in repositories

13:46:16 ERROR : (XSDB Server)ERROR: [Hsi 55-1594] Core iic of version 3.2 not found in repositories

13:46:16 ERROR : (XSDB Server)ERROR: [Hsi 55-1594] Core iic of version 3.2 not found in repositories

13:46:16 ERROR : (XSDB Server)ERROR: [Hsi 55-1594] Core tmrctr of version 4.1 not found in repositories

13:46:16 ERROR : (XSDB Server)ERROR: [Hsi 55-1594] Core tmrctr of version 4.1 not found in repositories

13:46:16 ERROR : (XSDB Server)ERROR: [Hsi 55-1594] Core tmrctr of version 4.1 not found in repositories
ERROR: [Hsi 55-1594] Core tmrctr of version 4.1 not found in repositories

13:46:16 ERROR : (XSDB Server)ERROR: [Hsi 55-1594] Core tmrctr of version 4.1 not found in repositories

13:46:16 ERROR : (XSDB Server)ERROR: [Hsi 55-1594] Core tmrctr of version 4.1 not found in repositories

13:46:16 ERROR : (XSDB Server)ERROR: [Hsi 55-1594] Core sysmon of version 7.2 not found in repositories

13:46:16 ERROR : (XSDB Server)ERROR: [Hsi 55-1594] Core standalone of version 5.4 not found in repositories

13:46:16 ERROR : (XSDB Server)ERROR: [Hsi 55-1452] Error: running open_sw_design.

13:46:16 INFO  : Unable to read in MSS file /home/junhonglin/Xilinx/STsensorhub/sdk_arduino_IKS01A1/IKS01A1_test_bsp/system.mss : null
13:46:17 ERROR : (XSDB Server)ERROR: [Hsi 55-1594] Core cpu of version 2.4 not found in repositories

13:46:17 ERROR : (XSDB Server)ERROR: [Hsi 55-1594] Core gpio of version 4.1 not found in repositories

13:46:17 ERROR : (XSDB Server)ERROR: [Hsi 55-1594] Core gpio of version 4.1 not found in repositories

13:46:17 ERROR : (XSDB Server)ERROR: [Hsi 55-1594] Core gpio of version 4.1 not found in repositories

13:46:17 ERROR : (XSDB Server)ERROR: [Hsi 55-1594] Core iic of version 3.2 not found in repositories

13:46:17 ERROR : (XSDB Server)ERROR: [Hsi 55-1594] Core iic of version 3.2 not found in repositories

13:46:17 ERROR : (XSDB Server)ERROR: [Hsi 55-1594] Core tmrctr of version 4.1 not found in repositories

13:46:17 ERROR : (XSDB Server)ERROR: [Hsi 55-1594] Core tmrctr of version 4.1 not found in repositories

13:46:17 ERROR : (XSDB Server)ERROR: [Hsi 55-1594] Core tmrctr of version 4.1 not found in repositories

13:46:17 ERROR : (XSDB Server)ERROR: [Hsi 55-1594] Core tmrctr of version 4.1 not found in repositories

13:46:17 ERROR : (XSDB Server)ERROR: [Hsi 55-1594] Core tmrctr of version 4.1 not found in repositories

13:46:17 ERROR : (XSDB Server)ERROR: [Hsi 55-1594] Core tmrctr of version 4.1 not found in repositories

13:46:17 ERROR : (XSDB Server)ERROR: [Hsi 55-1594] Core sysmon of version 7.2 not found in repositories

13:46:17 ERROR : (XSDB Server)ERROR: [Hsi 55-1594] Core standalone of version 5.4 not found in repositories

13:46:17 ERROR : (XSDB Server)ERROR: [Hsi 55-1452] Error: running open_sw_design.

13:46:17 ERROR : (XSDB Server)ERROR: [Hsi 55-1594] Core cpu of version 2.4 not found in repositories

13:46:17 ERROR : (XSDB Server)ERROR: [Hsi 55-1594] Core gpio of version 4.1 not found in repositories

13:46:17 ERROR : (XSDB Server)ERROR: [Hsi 55-1594] Core gpio of version 4.1 not found in repositories
ERROR: [Hsi 55-1594] Core gpio of version 4.1 not found in repositories
ERROR: [Hsi 55-1594] Core iic of version 3.2 not found in repositories
ERROR: [Hsi 55-1594] Core iic of version 3.2 not found in repositories
ERROR: [Hsi 55-1594] Core tmrctr of version 4.1 not found in repositories
ERROR: [Hsi 55-1594] Core tmrctr of version 4.1 not found in repositories

13:46:17 ERROR : (XSDB Server)ERROR: [Hsi 55-1594] Core tmrctr of version 4.1 not found in repositories

13:46:17 ERROR : (XSDB Server)ERROR: [Hsi 55-1594] Core tmrctr of version 4.1 not found in repositories

13:46:17 ERROR : (XSDB Server)ERROR: [Hsi 55-1594] Core tmrctr of version 4.1 not found in repositories

13:46:17 ERROR : (XSDB Server)ERROR: [Hsi 55-1594] Core tmrctr of version 4.1 not found in repositories

13:46:17 ERROR : (XSDB Server)ERROR: [Hsi 55-1594] Core sysmon of version 7.2 not found in repositories

13:46:17 ERROR : (XSDB Server)ERROR: [Hsi 55-1594] Core standalone of version 5.4 not found in repositories

13:46:17 ERROR : (XSDB Server)ERROR: [Hsi 55-1452] Error: running open_sw_design.

13:46:17 ERROR : Failed to get_connected_periphs
Reason: ERROR: [Common 17-55] 'get_property' expects at least one object.
Resolution: If [get_<value>] was used to populate the object, check to make sure this command returns at least one valid object.

14:10:44 WARN  : Given IPC port value is invalid. Using default port 2350
14:10:44 WARN  : Given XMD timeout value is invalid. Using default value of 50000
14:10:50 WARN  : Given XMD transaction timeout value is invalid. Using default value of 60000 milli seconds
14:12:08 ERROR : (XSDB Server)ERROR: [Hsi 55-1594] Core cpu of version 2.4 not found in repositories
ERROR: [Hsi 55-1594] Core gpio of version 4.1 not found in repositories
ERROR: [Hsi 55-1594] Core gpio of version 4.1 not found in repositories
ERROR: [Hsi 55-1594] Core gpio of version 4.1 not found in repositories
ERROR: [Hsi 55-1594] Core iic of version 3.2 not found in repositories
ERROR: [Hsi 55-1594] Core iic of version 3.2 not found in repositories
ERROR: [Hsi 55-1594] Core tmrctr of version 4.1 not found in repositories
ERROR: [Hsi 55-1594] Core tmrctr of version 4.1 not found in repositories
ERROR: [Hsi 55-1594] Core tmrctr of version 4.1 not found in repositories
ERROR: [Hsi 55-1594] Core tmrctr of version 4.1 not found in repositories
ERROR: [Hsi 55-1594] Core tmrctr of version 4.1 not found in repositories
ERROR: [Hsi 55-1594] Core tmrctr of version 4.1 not found in repositories
ERROR: [Hsi 55-1594] Core sysmon of version 7.2 not found in repositories
ERROR: [Hsi 55-1594] Core standalone of version 5.4 not found in repositories
ERROR: [Hsi 55-1452] Error: running open_sw_design.

14:12:08 ERROR :  [Common 17-39] 'hsi::open_sw_design' failed due to earlier errors.
14:12:08 ERROR : (XSDB Server)ERROR: [Hsi 55-1594] Core cpu of version 2.4 not found in repositories

14:12:08 ERROR : (XSDB Server)ERROR: [Hsi 55-1594] Core gpio of version 4.1 not found in repositories

14:12:08 ERROR : (XSDB Server)ERROR: [Hsi 55-1594] Core gpio of version 4.1 not found in repositories

14:12:08 ERROR : (XSDB Server)ERROR: [Hsi 55-1594] Core gpio of version 4.1 not found in repositories

14:12:08 ERROR : (XSDB Server)ERROR: [Hsi 55-1594] Core iic of version 3.2 not found in repositories

14:12:08 ERROR : (XSDB Server)ERROR: [Hsi 55-1594] Core iic of version 3.2 not found in repositories

14:12:08 ERROR : (XSDB Server)ERROR: [Hsi 55-1594] Core tmrctr of version 4.1 not found in repositories

14:12:08 ERROR : (XSDB Server)ERROR: [Hsi 55-1594] Core tmrctr of version 4.1 not found in repositories

14:12:08 ERROR : (XSDB Server)ERROR: [Hsi 55-1594] Core tmrctr of version 4.1 not found in repositories

14:12:08 ERROR : (XSDB Server)ERROR: [Hsi 55-1594] Core tmrctr of version 4.1 not found in repositories

14:12:08 ERROR : (XSDB Server)ERROR: [Hsi 55-1594] Core tmrctr of version 4.1 not found in repositories

14:12:08 ERROR : (XSDB Server)ERROR: [Hsi 55-1594] Core tmrctr of version 4.1 not found in repositories

14:12:08 ERROR : (XSDB Server)ERROR: [Hsi 55-1594] Core sysmon of version 7.2 not found in repositories

14:12:08 ERROR : (XSDB Server)ERROR: [Hsi 55-1594] Core standalone of version 5.4 not found in repositories

14:12:08 ERROR : (XSDB Server)ERROR: [Hsi 55-1452] Error: running open_sw_design.

14:12:08 INFO  : Unable to read in MSS file /home/junhonglin/Xilinx/STsensorhub/sdk_arduino_IKS01A1/IKS01A1_test_bsp/system.mss : null
14:12:08 ERROR : Failed to closesw "/home/junhonglin/Xilinx/STsensorhub/sdk_arduino_IKS01A1/IKS01A1_test_bsp/system.mss"
Reason: Cannot close sw design '/home/junhonglin/Xilinx/STsensorhub/sdk_arduino_IKS01A1/IKS01A1_test_bsp/system.mss'.
Design is not opened in the current session.


14:12:15 WARN  : Given XMD transaction timeout value is invalid. Using default value of 60000 milli seconds
14:12:24 WARN  : Given XMD transaction timeout value is invalid. Using default value of 60000 milli seconds
14:12:25 WARN  : Given XMD transaction timeout value is invalid. Using default value of 60000 milli seconds
14:12:25 WARN  : Given XMD transaction timeout value is invalid. Using default value of 60000 milli seconds
14:12:26 WARN  : Given XMD transaction timeout value is invalid. Using default value of 60000 milli seconds
14:12:26 WARN  : Given XMD transaction timeout value is invalid. Using default value of 60000 milli seconds
14:12:26 WARN  : Given XMD transaction timeout value is invalid. Using default value of 60000 milli seconds
14:12:26 WARN  : Given XMD transaction timeout value is invalid. Using default value of 60000 milli seconds
14:12:26 ERROR : Unexpected error while launching program.
java.lang.RuntimeException: Error while running ps7_init method.
Cannot Read from target


    MMU section translation fault

	at com.xilinx.sdk.targetmanager.internal.TM.run_ps7_init(TM.java:1083)
	at com.xilinx.sdk.debug.core.XilinxAppLaunchConfigurationDelegate.runTargetSetup(XilinxAppLaunchConfigurationDelegate.java:514)
	at com.xilinx.sdk.debug.core.XilinxAppLaunchConfigurationDelegate.debugApplication(XilinxAppLaunchConfigurationDelegate.java:701)
	at com.xilinx.sdk.debug.core.XilinxAppLaunchConfigurationDelegate.launch(XilinxAppLaunchConfigurationDelegate.java:311)
	at com.xilinx.sdk.debug.ui.XilinxAppLaunchDelegateWrapper.launch(XilinxAppLaunchDelegateWrapper.java:31)
	at org.eclipse.debug.internal.core.LaunchConfiguration.launch(LaunchConfiguration.java:885)
	at org.eclipse.debug.internal.core.LaunchConfiguration.launch(LaunchConfiguration.java:739)
	at org.eclipse.debug.internal.ui.DebugUIPlugin.buildAndLaunch(DebugUIPlugin.java:1039)
	at org.eclipse.debug.internal.ui.DebugUIPlugin$8.run(DebugUIPlugin.java:1256)
	at org.eclipse.core.internal.jobs.Worker.run(Worker.java:55)
14:15:50 ERROR : (XSDB Server)ERROR: [Hsi 55-1594] Core cpu of version 2.4 not found in repositories

14:15:50 ERROR : (XSDB Server)ERROR: [Hsi 55-1594] Core gpio of version 4.1 not found in repositories
ERROR: [Hsi 55-1594] Core gpio of version 4.1 not found in repositories
ERROR: [Hsi 55-1594] Core gpio of version 4.1 not found in repositories
ERROR: [Hsi 55-1594] Core iic of version 3.2 not found in repositories
ERROR: [Hsi 55-1594] Core iic of version 3.2 not found in repositories
ERROR: [Hsi 55-1594] Core tmrctr of version 4.1 not found in repositories
ERROR: [Hsi 55-1594] Core tmrctr of version 4.1 not found in repositories
ERROR: [Hsi 55-1594] Core tmrctr of version 4.1 not found in repositories
ERROR: [Hsi 55-1594] Core tmrctr of version 4.1 not found in repositories
ERROR: [Hsi 55-1594] Core tmrctr of version 4.1 not found in repositories
ERROR: [Hsi 55-1594] Core tmrctr of version 4.1 not found in repositories
ERROR: [Hsi 55-1594] Core sysmon of version 7.2 not found in repositories
ERROR: [Hsi 55-1594] Core standalone of version 5.4 not found in repositories
ERROR: [Hsi 55-1452] Error: running open_sw_design.

14:15:50 ERROR :  [Common 17-39] 'hsi::open_sw_design' failed due to earlier errors.
14:15:50 ERROR : (XSDB Server)ERROR: [Hsi 55-1594] Core cpu of version 2.4 not found in repositories

14:15:50 ERROR : (XSDB Server)ERROR: [Hsi 55-1594] Core gpio of version 4.1 not found in repositories

14:15:50 ERROR : (XSDB Server)ERROR: [Hsi 55-1452] Error: running open_sw_design.

14:15:50 INFO  : Unable to read in MSS file /home/junhonglin/Xilinx/STsensorhub/sdk_arduino_IKS01A1/IKS01A1_test_bsp/system.mss : null
14:15:50 ERROR : Failed to closesw "/home/junhonglin/Xilinx/STsensorhub/sdk_arduino_IKS01A1/IKS01A1_test_bsp/system.mss"
Reason: Cannot close sw design '/home/junhonglin/Xilinx/STsensorhub/sdk_arduino_IKS01A1/IKS01A1_test_bsp/system.mss'.
Design is not opened in the current session.


14:15:59 WARN  : Given XMD transaction timeout value is invalid. Using default value of 60000 milli seconds
14:15:59 WARN  : Given XMD transaction timeout value is invalid. Using default value of 60000 milli seconds
14:16:00 WARN  : Given XMD transaction timeout value is invalid. Using default value of 60000 milli seconds
14:16:00 WARN  : Given XMD transaction timeout value is invalid. Using default value of 60000 milli seconds
14:16:00 ERROR : Unexpected error while launching program.
java.lang.RuntimeException: Error while running ps7_init method.
Cannot Read from target


    MMU section translation fault

	at com.xilinx.sdk.targetmanager.internal.TM.run_ps7_init(TM.java:1083)
	at com.xilinx.sdk.debug.core.XilinxAppLaunchConfigurationDelegate.runTargetSetup(XilinxAppLaunchConfigurationDelegate.java:514)
	at com.xilinx.sdk.debug.core.XilinxAppLaunchConfigurationDelegate.runApplication(XilinxAppLaunchConfigurationDelegate.java:616)
	at com.xilinx.sdk.debug.core.XilinxAppLaunchConfigurationDelegate.launch(XilinxAppLaunchConfigurationDelegate.java:309)
	at com.xilinx.sdk.debug.ui.XilinxAppLaunchDelegateWrapper.launch(XilinxAppLaunchDelegateWrapper.java:31)
	at org.eclipse.debug.internal.core.LaunchConfiguration.launch(LaunchConfiguration.java:885)
	at org.eclipse.debug.internal.core.LaunchConfiguration.launch(LaunchConfiguration.java:739)
	at org.eclipse.debug.internal.ui.DebugUIPlugin.buildAndLaunch(DebugUIPlugin.java:1039)
	at org.eclipse.debug.internal.ui.DebugUIPlugin$8.run(DebugUIPlugin.java:1256)
	at org.eclipse.core.internal.jobs.Worker.run(Worker.java:55)
14:16:07 ERROR : (XSDB Server)ERROR: [Hsi 55-1452] Error: running open_sw_design.

14:16:07 ERROR :  [Common 17-39] 'hsi::open_sw_design' failed due to earlier errors.
14:16:07 ERROR : (XSDB Server)ERROR: [Hsi 55-1452] Error: running open_sw_design.

14:16:07 INFO  : Unable to read in MSS file /home/junhonglin/Xilinx/STsensorhub/sdk_arduino_IKS01A1/IKS01A1_test_bsp/system.mss : null
14:16:07 ERROR : Failed to closesw "/home/junhonglin/Xilinx/STsensorhub/sdk_arduino_IKS01A1/IKS01A1_test_bsp/system.mss"
Reason: Cannot close sw design '/home/junhonglin/Xilinx/STsensorhub/sdk_arduino_IKS01A1/IKS01A1_test_bsp/system.mss'.
Design is not opened in the current session.


14:16:27 WARN  : Given XMD transaction timeout value is invalid. Using default value of 60000 milli seconds
14:16:38 WARN  : Given XMD transaction timeout value is invalid. Using default value of 60000 milli seconds
14:16:38 WARN  : Given XMD transaction timeout value is invalid. Using default value of 60000 milli seconds
14:16:38 WARN  : Given XMD transaction timeout value is invalid. Using default value of 60000 milli seconds
14:16:38 WARN  : Given XMD transaction timeout value is invalid. Using default value of 60000 milli seconds
14:17:34 ERROR : Unexpected error while parsing XMD response ￿: com.google.gson.JsonSyntaxException: com.google.gson.stream.MalformedJsonException: invalid number or unquoted string near 
14:17:38 INFO  : Time out for XMD transaction is 60000
If you want to increase the timeout value, goto Windows-> Preferences -> Xilinx SDK -> XMD Startup
14:17:38 ERROR : Timeout occured while waiting to get reply for command "xdisconnect 352"
14:17:38 WARN  : Given XMD transaction timeout value is invalid. Using default value of 60000 milli seconds
14:18:38 INFO  : Time out for XMD transaction is 60000
If you want to increase the timeout value, goto Windows-> Preferences -> Xilinx SDK -> XMD Startup
14:18:38 ERROR : Timeout occured while waiting to get reply for command "set_cur_system_target"
14:18:38 WARN  : Given XMD transaction timeout value is invalid. Using default value of 60000 milli seconds
14:18:38 ERROR : Unexpected error while issuing command {"command": "xconnect mb mdm -cable type xilinx_tcf url TCP:127.0.0.1:3121 -debugdevice deviceNr 2 cpunr 3"} to XMD: java.net.SocketException: Broken pipe (Write failed)
14:18:38 ERROR : Unexpected error while launching program.
com.xilinx.sdk.targetmanager.TMException: 
	at com.xilinx.sdk.targetmanager.internal.TM.connectToProcessor(TM.java:478)
	at com.xilinx.sdk.debug.core.XilinxAppLaunchConfigurationDelegate.runTargetSetup(XilinxAppLaunchConfigurationDelegate.java:533)
	at com.xilinx.sdk.debug.core.XilinxAppLaunchConfigurationDelegate.runApplication(XilinxAppLaunchConfigurationDelegate.java:616)
	at com.xilinx.sdk.debug.core.XilinxAppLaunchConfigurationDelegate.launch(XilinxAppLaunchConfigurationDelegate.java:309)
	at com.xilinx.sdk.debug.ui.XilinxAppLaunchDelegateWrapper.launch(XilinxAppLaunchDelegateWrapper.java:31)
	at org.eclipse.debug.internal.core.LaunchConfiguration.launch(LaunchConfiguration.java:885)
	at org.eclipse.debug.internal.core.LaunchConfiguration.launch(LaunchConfiguration.java:739)
	at org.eclipse.debug.internal.ui.DebugUIPlugin.buildAndLaunch(DebugUIPlugin.java:1039)
	at org.eclipse.debug.internal.ui.DebugUIPlugin$8.run(DebugUIPlugin.java:1256)
	at org.eclipse.core.internal.jobs.Worker.run(Worker.java:55)
14:22:47 ERROR : (XSDB Server)ERROR: [Hsi 55-1452] Error: running open_sw_design.

14:22:47 ERROR :  [Common 17-39] 'hsi::open_sw_design' failed due to earlier errors.
14:22:47 ERROR : (XSDB Server)ERROR: [Hsi 55-1452] Error: running open_sw_design.

14:22:47 INFO  : Unable to read in MSS file /home/junhonglin/Xilinx/STsensorhub/sdk_arduino_IKS01A1/IKS01A1_test_bsp/system.mss : null
14:22:47 ERROR : Failed to closesw "/home/junhonglin/Xilinx/STsensorhub/sdk_arduino_IKS01A1/IKS01A1_test_bsp/system.mss"
Reason: Cannot close sw design '/home/junhonglin/Xilinx/STsensorhub/sdk_arduino_IKS01A1/IKS01A1_test_bsp/system.mss'.
Design is not opened in the current session.


14:22:48 ERROR : (XSDB Server)ERROR: [Hsi 55-1452] Error: running open_sw_design.

14:22:48 ERROR :  [Common 17-39] 'hsi::open_sw_design' failed due to earlier errors.
14:22:48 ERROR : (XSDB Server)ERROR: [Hsi 55-1452] Error: running open_sw_design.

14:22:48 INFO  : Unable to read in MSS file /home/junhonglin/Xilinx/STsensorhub/sdk_arduino_IKS01A1/IKS01A1_test_bsp/system.mss : null
14:22:48 ERROR : Failed to closesw "/home/junhonglin/Xilinx/STsensorhub/sdk_arduino_IKS01A1/IKS01A1_test_bsp/system.mss"
Reason: Cannot close sw design '/home/junhonglin/Xilinx/STsensorhub/sdk_arduino_IKS01A1/IKS01A1_test_bsp/system.mss'.
Design is not opened in the current session.


14:22:53 WARN  : Given XMD transaction timeout value is invalid. Using default value of 60000 milli seconds
14:22:53 ERROR : Unexpected error while issuing command {"command": "xfpga_isconfigured -cable type xilinx_tcf url TCP:127.0.0.1:3121 "} to XMD: java.net.SocketException: Broken pipe (Write failed)
14:22:53 ERROR : Checking FPGA configuration failed..
14:22:53 ERROR : Unexpected error while launching program.
com.xilinx.sdk.targetmanager.TMException: 
	at com.xilinx.sdk.targetmanager.internal.TM.isFPGAConfigured(TM.java:368)
	at com.xilinx.sdk.debug.core.XilinxAppLaunchConfigurationDelegate.isFpgaConfigured(XilinxAppLaunchConfigurationDelegate.java:409)
	at com.xilinx.sdk.debug.core.XilinxAppLaunchConfigurationDelegate.launch(XilinxAppLaunchConfigurationDelegate.java:303)
	at com.xilinx.sdk.debug.ui.XilinxAppLaunchDelegateWrapper.launch(XilinxAppLaunchDelegateWrapper.java:31)
	at org.eclipse.debug.internal.core.LaunchConfiguration.launch(LaunchConfiguration.java:885)
	at org.eclipse.debug.internal.core.LaunchConfiguration.launch(LaunchConfiguration.java:739)
	at org.eclipse.debug.internal.ui.DebugUIPlugin.buildAndLaunch(DebugUIPlugin.java:1039)
	at org.eclipse.debug.internal.ui.DebugUIPlugin$8.run(DebugUIPlugin.java:1256)
	at org.eclipse.core.internal.jobs.Worker.run(Worker.java:55)
14:23:30 WARN  : Given XMD transaction timeout value is invalid. Using default value of 60000 milli seconds
14:23:30 ERROR : Unexpected error while issuing command {"command": "xfpga_isconfigured -cable type xilinx_tcf url TCP:127.0.0.1:3121 "} to XMD: java.net.SocketException: Broken pipe (Write failed)
14:23:30 ERROR : Checking FPGA configuration failed..
14:23:30 ERROR : Unexpected error while launching program.
com.xilinx.sdk.targetmanager.TMException: 
	at com.xilinx.sdk.targetmanager.internal.TM.isFPGAConfigured(TM.java:368)
	at com.xilinx.sdk.debug.core.XilinxAppLaunchConfigurationDelegate.isFpgaConfigured(XilinxAppLaunchConfigurationDelegate.java:409)
	at com.xilinx.sdk.debug.core.XilinxAppLaunchConfigurationDelegate.launch(XilinxAppLaunchConfigurationDelegate.java:303)
	at com.xilinx.sdk.debug.ui.XilinxAppLaunchDelegateWrapper.launch(XilinxAppLaunchDelegateWrapper.java:31)
	at org.eclipse.debug.internal.core.LaunchConfiguration.launch(LaunchConfiguration.java:885)
	at org.eclipse.debug.internal.core.LaunchConfiguration.launch(LaunchConfiguration.java:739)
	at org.eclipse.debug.internal.ui.DebugUIPlugin.buildAndLaunch(DebugUIPlugin.java:1039)
	at org.eclipse.debug.internal.ui.DebugUIPlugin$8.run(DebugUIPlugin.java:1256)
	at org.eclipse.core.internal.jobs.Worker.run(Worker.java:55)
14:38:43 INFO  : 'targets -set -filter {jtag_cable_name =~ "Xilinx TUL 1234-tulA" && level==0} -index 1' command is executed.
14:38:43 INFO  : 'fpga -state' command is executed.
14:38:43 INFO  : Connected to target on host '127.0.0.1' and port '3121'.
14:38:43 INFO  : Jtag cable 'Xilinx TUL 1234-tulA' is selected.
14:38:43 INFO  : 'jtag frequency' command is executed.
14:38:43 INFO  : Sourcing of '/home/junhonglin/Xilinx/STsensorhub/sdk_arduino_IKS01A1/base_hw_platform_0/ps7_init.tcl' is done.
14:38:43 INFO  : Context for 'APU' is selected.
14:38:43 INFO  : Hardware design information is loaded from '/home/junhonglin/Xilinx/STsensorhub/sdk_arduino_IKS01A1/base_hw_platform_0/system.hdf'.
14:38:43 INFO  : 'configparams force-mem-access 1' command is executed.
14:38:43 INFO  : Context for 'APU' is selected.
14:38:43 INFO  : 'stop' command is executed.
14:38:44 INFO  : 'ps7_init' command is executed.
14:38:44 INFO  : 'ps7_post_config' command is executed.
14:38:44 INFO  : Context for processor 'iop3_mb' is selected.
14:38:45 INFO  : Processor reset is completed for 'iop3_mb'.
14:38:45 INFO  : Context for processor 'iop3_mb' is selected.
14:38:45 INFO  : The application '/home/junhonglin/Xilinx/STsensorhub/sdk_arduino_IKS01A1/IKS01A1_test/Debug/IKS01A1_test.elf' is downloaded to processor 'iop3_mb'.
14:38:45 INFO  : 'configparams force-mem-access 0' command is executed.
14:38:45 INFO  : ----------------XSDB Script----------------
connect -url tcp:127.0.0.1:3121
source /home/junhonglin/Xilinx/STsensorhub/sdk_arduino_IKS01A1/base_hw_platform_0/ps7_init.tcl
targets -set -nocase -filter {name =~"APU*" && jtag_cable_name =~ "Xilinx TUL 1234-tulA"} -index 0
loadhw -hw /home/junhonglin/Xilinx/STsensorhub/sdk_arduino_IKS01A1/base_hw_platform_0/system.hdf -mem-ranges [list {0x40000000 0xbfffffff}]
configparams force-mem-access 1
targets -set -nocase -filter {name =~"APU*" && jtag_cable_name =~ "Xilinx TUL 1234-tulA"} -index 0
stop
ps7_init
ps7_post_config
targets -set -nocase -filter {name =~ "microblaze*#2" && bscan=="USER2"  && jtag_cable_name =~ "Xilinx TUL 1234-tulA"} -index 1
rst -processor
targets -set -nocase -filter {name =~ "microblaze*#2" && bscan=="USER2"  && jtag_cable_name =~ "Xilinx TUL 1234-tulA"} -index 1
dow /home/junhonglin/Xilinx/STsensorhub/sdk_arduino_IKS01A1/IKS01A1_test/Debug/IKS01A1_test.elf
configparams force-mem-access 0
----------------End of Script----------------

14:38:45 INFO  : Memory regions updated for context APU
14:38:45 INFO  : Memory regions updated for context MicroBlaze #0
14:38:45 INFO  : Memory regions updated for context MicroBlaze #1
14:38:45 INFO  : Memory regions updated for context MicroBlaze #2
14:38:45 INFO  : Memory regions updated for context MicroBlaze Debug Module at USER2
14:38:45 INFO  : Context for processor 'iop3_mb' is selected.
14:38:45 INFO  : 'con' command is executed.
14:38:45 INFO  : ----------------XSDB Script (After Launch)----------------
targets -set -nocase -filter {name =~ "microblaze*#2" && bscan=="USER2"  && jtag_cable_name =~ "Xilinx TUL 1234-tulA"} -index 1
con
----------------End of Script----------------

14:38:45 INFO  : Launch script is exported to file '/home/junhonglin/Xilinx/STsensorhub/sdk_arduino_IKS01A1/.sdk/launch_scripts/xilinx_c-c++_application_(system_debugger)/system_debugger_using_debug_iks01a1_test.elf_on_local.tcl'
14:39:42 INFO  : Disconnected from the channel tcfchan#1.
14:39:43 INFO  : 'targets -set -filter {jtag_cable_name =~ "Xilinx TUL 1234-tulA" && level==0} -index 1' command is executed.
14:39:43 INFO  : 'fpga -state' command is executed.
14:39:43 INFO  : Connected to target on host '127.0.0.1' and port '3121'.
14:39:43 INFO  : Jtag cable 'Xilinx TUL 1234-tulA' is selected.
14:39:43 INFO  : 'jtag frequency' command is executed.
14:39:43 INFO  : Sourcing of '/home/junhonglin/Xilinx/STsensorhub/sdk_arduino_IKS01A1/base_hw_platform_0/ps7_init.tcl' is done.
14:39:43 INFO  : Context for 'APU' is selected.
14:39:48 INFO  : Hardware design information is loaded from '/home/junhonglin/Xilinx/STsensorhub/sdk_arduino_IKS01A1/base_hw_platform_0/system.hdf'.
14:39:48 INFO  : 'configparams force-mem-access 1' command is executed.
14:39:48 INFO  : Context for 'APU' is selected.
14:39:48 INFO  : 'stop' command is executed.
14:39:49 INFO  : 'ps7_init' command is executed.
14:39:49 INFO  : 'ps7_post_config' command is executed.
14:39:49 INFO  : Context for processor 'iop3_mb' is selected.
14:39:49 INFO  : Processor reset is completed for 'iop3_mb'.
14:39:49 INFO  : Context for processor 'iop3_mb' is selected.
14:39:50 INFO  : The application '/home/junhonglin/Xilinx/STsensorhub/sdk_arduino_IKS01A1/IKS01A1_test/Debug/IKS01A1_test.elf' is downloaded to processor 'iop3_mb'.
14:39:50 INFO  : 'configparams force-mem-access 0' command is executed.
14:39:50 INFO  : ----------------XSDB Script----------------
connect -url tcp:127.0.0.1:3121
source /home/junhonglin/Xilinx/STsensorhub/sdk_arduino_IKS01A1/base_hw_platform_0/ps7_init.tcl
targets -set -nocase -filter {name =~"APU*" && jtag_cable_name =~ "Xilinx TUL 1234-tulA"} -index 0
loadhw -hw /home/junhonglin/Xilinx/STsensorhub/sdk_arduino_IKS01A1/base_hw_platform_0/system.hdf -mem-ranges [list {0x40000000 0xbfffffff}]
configparams force-mem-access 1
targets -set -nocase -filter {name =~"APU*" && jtag_cable_name =~ "Xilinx TUL 1234-tulA"} -index 0
stop
ps7_init
ps7_post_config
targets -set -nocase -filter {name =~ "microblaze*#2" && bscan=="USER2"  && jtag_cable_name =~ "Xilinx TUL 1234-tulA"} -index 1
rst -processor
targets -set -nocase -filter {name =~ "microblaze*#2" && bscan=="USER2"  && jtag_cable_name =~ "Xilinx TUL 1234-tulA"} -index 1
dow /home/junhonglin/Xilinx/STsensorhub/sdk_arduino_IKS01A1/IKS01A1_test/Debug/IKS01A1_test.elf
configparams force-mem-access 0
----------------End of Script----------------

14:39:50 INFO  : Memory regions updated for context APU
14:39:50 INFO  : Memory regions updated for context MicroBlaze #0
14:39:50 INFO  : Memory regions updated for context MicroBlaze #1
14:39:50 INFO  : Memory regions updated for context MicroBlaze #2
14:39:50 INFO  : Memory regions updated for context MicroBlaze Debug Module at USER2
14:39:50 INFO  : Context for processor 'iop3_mb' is selected.
14:39:50 INFO  : 'con' command is executed.
14:39:50 INFO  : ----------------XSDB Script (After Launch)----------------
targets -set -nocase -filter {name =~ "microblaze*#2" && bscan=="USER2"  && jtag_cable_name =~ "Xilinx TUL 1234-tulA"} -index 1
con
----------------End of Script----------------

14:39:50 INFO  : Launch script is exported to file '/home/junhonglin/Xilinx/STsensorhub/sdk_arduino_IKS01A1/.sdk/launch_scripts/xilinx_c-c++_application_(system_debugger)/system_debugger_using_debug_iks01a1_test.elf_on_local.tcl'
14:40:41 INFO  : Disconnected from the channel tcfchan#2.
14:40:42 INFO  : 'targets -set -filter {jtag_cable_name =~ "Xilinx TUL 1234-tulA" && level==0} -index 1' command is executed.
14:40:42 INFO  : 'fpga -state' command is executed.
14:40:42 INFO  : Connected to target on host '127.0.0.1' and port '3121'.
14:40:43 INFO  : Jtag cable 'Xilinx TUL 1234-tulA' is selected.
14:40:43 INFO  : 'jtag frequency' command is executed.
14:40:43 INFO  : Sourcing of '/home/junhonglin/Xilinx/STsensorhub/sdk_arduino_IKS01A1/base_hw_platform_0/ps7_init.tcl' is done.
14:40:43 INFO  : Context for 'APU' is selected.
14:40:46 INFO  : Hardware design information is loaded from '/home/junhonglin/Xilinx/STsensorhub/sdk_arduino_IKS01A1/base_hw_platform_0/system.hdf'.
14:40:46 INFO  : 'configparams force-mem-access 1' command is executed.
14:40:46 INFO  : Context for 'APU' is selected.
14:40:46 INFO  : 'stop' command is executed.
14:40:47 INFO  : 'ps7_init' command is executed.
14:40:47 INFO  : 'ps7_post_config' command is executed.
14:40:47 INFO  : Context for processor 'iop3_mb' is selected.
14:40:47 INFO  : Processor reset is completed for 'iop3_mb'.
14:40:47 INFO  : Context for processor 'iop3_mb' is selected.
14:40:47 INFO  : The application '/home/junhonglin/Xilinx/STsensorhub/sdk_arduino_IKS01A1/IKS01A1_test/Debug/IKS01A1_test.elf' is downloaded to processor 'iop3_mb'.
14:40:47 INFO  : 'configparams force-mem-access 0' command is executed.
14:40:47 INFO  : ----------------XSDB Script----------------
connect -url tcp:127.0.0.1:3121
source /home/junhonglin/Xilinx/STsensorhub/sdk_arduino_IKS01A1/base_hw_platform_0/ps7_init.tcl
targets -set -nocase -filter {name =~"APU*" && jtag_cable_name =~ "Xilinx TUL 1234-tulA"} -index 0
loadhw -hw /home/junhonglin/Xilinx/STsensorhub/sdk_arduino_IKS01A1/base_hw_platform_0/system.hdf -mem-ranges [list {0x40000000 0xbfffffff}]
configparams force-mem-access 1
targets -set -nocase -filter {name =~"APU*" && jtag_cable_name =~ "Xilinx TUL 1234-tulA"} -index 0
stop
ps7_init
ps7_post_config
targets -set -nocase -filter {name =~ "microblaze*#2" && bscan=="USER2"  && jtag_cable_name =~ "Xilinx TUL 1234-tulA"} -index 1
rst -processor
targets -set -nocase -filter {name =~ "microblaze*#2" && bscan=="USER2"  && jtag_cable_name =~ "Xilinx TUL 1234-tulA"} -index 1
dow /home/junhonglin/Xilinx/STsensorhub/sdk_arduino_IKS01A1/IKS01A1_test/Debug/IKS01A1_test.elf
configparams force-mem-access 0
----------------End of Script----------------

14:40:47 INFO  : Memory regions updated for context APU
14:40:47 INFO  : Memory regions updated for context MicroBlaze #0
14:40:47 INFO  : Memory regions updated for context MicroBlaze #1
14:40:47 INFO  : Memory regions updated for context MicroBlaze #2
14:40:47 INFO  : Memory regions updated for context MicroBlaze Debug Module at USER2
14:40:48 INFO  : Context for processor 'iop3_mb' is selected.
14:40:48 INFO  : 'con' command is executed.
14:40:48 INFO  : ----------------XSDB Script (After Launch)----------------
targets -set -nocase -filter {name =~ "microblaze*#2" && bscan=="USER2"  && jtag_cable_name =~ "Xilinx TUL 1234-tulA"} -index 1
con
----------------End of Script----------------

14:40:48 INFO  : Launch script is exported to file '/home/junhonglin/Xilinx/STsensorhub/sdk_arduino_IKS01A1/.sdk/launch_scripts/xilinx_c-c++_application_(system_debugger)/system_debugger_using_debug_iks01a1_test.elf_on_local.tcl'
14:44:17 INFO  : Disconnected from the channel tcfchan#3.
14:44:18 INFO  : 'targets -set -filter {jtag_cable_name =~ "Xilinx TUL 1234-tulA" && level==0} -index 1' command is executed.
14:44:18 INFO  : 'fpga -state' command is executed.
14:44:18 INFO  : Connected to target on host '127.0.0.1' and port '3121'.
14:44:18 INFO  : Jtag cable 'Xilinx TUL 1234-tulA' is selected.
14:44:18 INFO  : 'jtag frequency' command is executed.
14:44:18 INFO  : Sourcing of '/home/junhonglin/Xilinx/STsensorhub/sdk_arduino_IKS01A1/base_hw_platform_0/ps7_init.tcl' is done.
14:44:18 INFO  : Context for 'APU' is selected.
14:44:22 INFO  : Hardware design information is loaded from '/home/junhonglin/Xilinx/STsensorhub/sdk_arduino_IKS01A1/base_hw_platform_0/system.hdf'.
14:44:22 INFO  : 'configparams force-mem-access 1' command is executed.
14:44:22 INFO  : Context for 'APU' is selected.
14:44:22 INFO  : 'stop' command is executed.
14:44:23 INFO  : 'ps7_init' command is executed.
14:44:23 INFO  : 'ps7_post_config' command is executed.
14:44:23 INFO  : Context for processor 'iop3_mb' is selected.
14:44:23 INFO  : Processor reset is completed for 'iop3_mb'.
14:44:23 INFO  : Context for processor 'iop3_mb' is selected.
14:44:23 INFO  : The application '/home/junhonglin/Xilinx/STsensorhub/sdk_arduino_IKS01A1/IKS01A1_test/Debug/IKS01A1_test.elf' is downloaded to processor 'iop3_mb'.
14:44:23 INFO  : 'configparams force-mem-access 0' command is executed.
14:44:23 INFO  : ----------------XSDB Script----------------
connect -url tcp:127.0.0.1:3121
source /home/junhonglin/Xilinx/STsensorhub/sdk_arduino_IKS01A1/base_hw_platform_0/ps7_init.tcl
targets -set -nocase -filter {name =~"APU*" && jtag_cable_name =~ "Xilinx TUL 1234-tulA"} -index 0
loadhw -hw /home/junhonglin/Xilinx/STsensorhub/sdk_arduino_IKS01A1/base_hw_platform_0/system.hdf -mem-ranges [list {0x40000000 0xbfffffff}]
configparams force-mem-access 1
targets -set -nocase -filter {name =~"APU*" && jtag_cable_name =~ "Xilinx TUL 1234-tulA"} -index 0
stop
ps7_init
ps7_post_config
targets -set -nocase -filter {name =~ "microblaze*#2" && bscan=="USER2"  && jtag_cable_name =~ "Xilinx TUL 1234-tulA"} -index 1
rst -processor
targets -set -nocase -filter {name =~ "microblaze*#2" && bscan=="USER2"  && jtag_cable_name =~ "Xilinx TUL 1234-tulA"} -index 1
dow /home/junhonglin/Xilinx/STsensorhub/sdk_arduino_IKS01A1/IKS01A1_test/Debug/IKS01A1_test.elf
configparams force-mem-access 0
----------------End of Script----------------

14:44:24 INFO  : Memory regions updated for context APU
14:44:24 INFO  : Memory regions updated for context MicroBlaze #0
14:44:24 INFO  : Memory regions updated for context MicroBlaze #1
14:44:24 INFO  : Memory regions updated for context MicroBlaze #2
14:44:24 INFO  : Memory regions updated for context MicroBlaze Debug Module at USER2
14:44:24 INFO  : Context for processor 'iop3_mb' is selected.
14:44:24 INFO  : 'con' command is executed.
14:44:24 INFO  : ----------------XSDB Script (After Launch)----------------
targets -set -nocase -filter {name =~ "microblaze*#2" && bscan=="USER2"  && jtag_cable_name =~ "Xilinx TUL 1234-tulA"} -index 1
con
----------------End of Script----------------

14:44:24 INFO  : Launch script is exported to file '/home/junhonglin/Xilinx/STsensorhub/sdk_arduino_IKS01A1/.sdk/launch_scripts/xilinx_c-c++_application_(system_debugger)/system_debugger_using_debug_iks01a1_test.elf_on_local.tcl'
14:49:25 INFO  : Disconnected from the channel tcfchan#4.
14:49:26 INFO  : 'targets -set -filter {jtag_cable_name =~ "Xilinx TUL 1234-tulA" && level==0} -index 1' command is executed.
14:49:26 INFO  : 'fpga -state' command is executed.
14:49:26 INFO  : Connected to target on host '127.0.0.1' and port '3121'.
14:49:26 INFO  : Jtag cable 'Xilinx TUL 1234-tulA' is selected.
14:49:26 INFO  : 'jtag frequency' command is executed.
14:49:26 INFO  : Sourcing of '/home/junhonglin/Xilinx/STsensorhub/sdk_arduino_IKS01A1/base_hw_platform_0/ps7_init.tcl' is done.
14:49:26 INFO  : Context for 'APU' is selected.
14:49:29 INFO  : Hardware design information is loaded from '/home/junhonglin/Xilinx/STsensorhub/sdk_arduino_IKS01A1/base_hw_platform_0/system.hdf'.
14:49:29 INFO  : 'configparams force-mem-access 1' command is executed.
14:49:30 INFO  : Context for 'APU' is selected.
14:49:30 INFO  : 'stop' command is executed.
14:49:31 INFO  : 'ps7_init' command is executed.
14:49:31 INFO  : 'ps7_post_config' command is executed.
14:49:31 INFO  : Context for processor 'iop3_mb' is selected.
14:49:31 INFO  : Processor reset is completed for 'iop3_mb'.
14:49:31 INFO  : Context for processor 'iop3_mb' is selected.
14:49:31 INFO  : The application '/home/junhonglin/Xilinx/STsensorhub/sdk_arduino_IKS01A1/IKS01A1_test/Debug/IKS01A1_test.elf' is downloaded to processor 'iop3_mb'.
14:49:31 INFO  : 'configparams force-mem-access 0' command is executed.
14:49:31 INFO  : ----------------XSDB Script----------------
connect -url tcp:127.0.0.1:3121
source /home/junhonglin/Xilinx/STsensorhub/sdk_arduino_IKS01A1/base_hw_platform_0/ps7_init.tcl
targets -set -nocase -filter {name =~"APU*" && jtag_cable_name =~ "Xilinx TUL 1234-tulA"} -index 0
loadhw -hw /home/junhonglin/Xilinx/STsensorhub/sdk_arduino_IKS01A1/base_hw_platform_0/system.hdf -mem-ranges [list {0x40000000 0xbfffffff}]
configparams force-mem-access 1
targets -set -nocase -filter {name =~"APU*" && jtag_cable_name =~ "Xilinx TUL 1234-tulA"} -index 0
stop
ps7_init
ps7_post_config
targets -set -nocase -filter {name =~ "microblaze*#2" && bscan=="USER2"  && jtag_cable_name =~ "Xilinx TUL 1234-tulA"} -index 1
rst -processor
targets -set -nocase -filter {name =~ "microblaze*#2" && bscan=="USER2"  && jtag_cable_name =~ "Xilinx TUL 1234-tulA"} -index 1
dow /home/junhonglin/Xilinx/STsensorhub/sdk_arduino_IKS01A1/IKS01A1_test/Debug/IKS01A1_test.elf
configparams force-mem-access 0
----------------End of Script----------------

14:49:31 INFO  : Memory regions updated for context APU
14:49:31 INFO  : Memory regions updated for context MicroBlaze #0
14:49:31 INFO  : Memory regions updated for context MicroBlaze #1
14:49:31 INFO  : Memory regions updated for context MicroBlaze #2
14:49:31 INFO  : Memory regions updated for context MicroBlaze Debug Module at USER2
14:49:31 INFO  : Context for processor 'iop3_mb' is selected.
14:49:31 INFO  : 'con' command is executed.
14:49:31 INFO  : ----------------XSDB Script (After Launch)----------------
targets -set -nocase -filter {name =~ "microblaze*#2" && bscan=="USER2"  && jtag_cable_name =~ "Xilinx TUL 1234-tulA"} -index 1
con
----------------End of Script----------------

14:49:31 INFO  : Launch script is exported to file '/home/junhonglin/Xilinx/STsensorhub/sdk_arduino_IKS01A1/.sdk/launch_scripts/xilinx_c-c++_application_(system_debugger)/system_debugger_using_debug_iks01a1_test.elf_on_local.tcl'
15:14:48 INFO  : Disconnected from the channel tcfchan#5.
15:15:23 ERROR : (XSDB Server)ERROR: [Hsi 55-1452] Error: running open_sw_design.

15:15:23 ERROR :  [Common 17-39] 'hsi::open_sw_design' failed due to earlier errors.
15:15:23 ERROR : (XSDB Server)ERROR: [Hsi 55-1452] Error: running open_sw_design.

15:15:23 INFO  : Unable to read in MSS file /home/junhonglin/Xilinx/STsensorhub/sdk_arduino_IKS01A1/IKS01A1_test_bsp/system.mss : null
15:15:23 ERROR : Failed to closesw "/home/junhonglin/Xilinx/STsensorhub/sdk_arduino_IKS01A1/IKS01A1_test_bsp/system.mss"
Reason: Cannot close sw design '/home/junhonglin/Xilinx/STsensorhub/sdk_arduino_IKS01A1/IKS01A1_test_bsp/system.mss'.
Design is not opened in the current session.


15:15:24 ERROR : (XSDB Server)ERROR: [Hsi 55-1452] Error: running open_sw_design.

15:15:24 ERROR :  [Common 17-39] 'hsi::open_sw_design' failed due to earlier errors.
15:15:24 ERROR : (XSDB Server)ERROR: [Hsi 55-1452] Error: running open_sw_design.

15:15:24 INFO  : Unable to read in MSS file /home/junhonglin/Xilinx/STsensorhub/sdk_arduino_IKS01A1/IKS01A1_test_bsp/system.mss : null
15:15:24 ERROR : Failed to closesw "/home/junhonglin/Xilinx/STsensorhub/sdk_arduino_IKS01A1/IKS01A1_test_bsp/system.mss"
Reason: Cannot close sw design '/home/junhonglin/Xilinx/STsensorhub/sdk_arduino_IKS01A1/IKS01A1_test_bsp/system.mss'.
Design is not opened in the current session.


15:15:26 ERROR : (XSDB Server)ERROR: [Hsi 55-1452] Error: running open_sw_design.

15:15:26 ERROR :  [Common 17-39] 'hsi::open_sw_design' failed due to earlier errors.
15:15:26 ERROR : (XSDB Server)ERROR: [Hsi 55-1452] Error: running open_sw_design.

15:15:26 INFO  : Unable to read in MSS file /home/junhonglin/Xilinx/STsensorhub/sdk_arduino_IKS01A1/IKS01A1_test_bsp/system.mss : null
15:15:26 ERROR : Failed to closesw "/home/junhonglin/Xilinx/STsensorhub/sdk_arduino_IKS01A1/IKS01A1_test_bsp/system.mss"
Reason: Cannot close sw design '/home/junhonglin/Xilinx/STsensorhub/sdk_arduino_IKS01A1/IKS01A1_test_bsp/system.mss'.
Design is not opened in the current session.


15:15:27 ERROR : (XSDB Server)ERROR: [Hsi 55-1452] Error: running open_sw_design.

15:15:27 ERROR :  [Common 17-39] 'hsi::open_sw_design' failed due to earlier errors.
15:15:27 ERROR : (XSDB Server)ERROR: [Hsi 55-1452] Error: running open_sw_design.

15:15:27 INFO  : Unable to read in MSS file /home/junhonglin/Xilinx/STsensorhub/sdk_arduino_IKS01A1/IKS01A1_test_bsp/system.mss : null
15:15:27 ERROR : Failed to closesw "/home/junhonglin/Xilinx/STsensorhub/sdk_arduino_IKS01A1/IKS01A1_test_bsp/system.mss"
Reason: Cannot close sw design '/home/junhonglin/Xilinx/STsensorhub/sdk_arduino_IKS01A1/IKS01A1_test_bsp/system.mss'.
Design is not opened in the current session.


15:16:54 ERROR : (XSDB Server)ERROR: [Hsi 55-1452] Error: running open_sw_design.

15:16:54 ERROR :  [Common 17-39] 'hsi::open_sw_design' failed due to earlier errors.
15:16:54 ERROR : (XSDB Server)ERROR: [Hsi 55-1452] Error: running open_sw_design.

15:16:54 INFO  : Unable to read in MSS file /home/junhonglin/Xilinx/STsensorhub/sdk_arduino_IKS01A1/IKS01A1_test_bsp/system.mss : null
15:16:54 ERROR : (XSDB Server)ERROR: [Hsi 55-1452] Error: running open_sw_design.

15:16:54 ERROR : (XSDB Server)ERROR: [Hsi 55-1452] Error: running open_sw_design.

15:16:54 ERROR : (XSDB Server)ERROR: [Hsi 55-1452] Error: running open_sw_design.

15:16:54 ERROR :  [Common 17-39] 'hsi::open_sw_design' failed due to earlier errors.
15:16:54 ERROR : (XSDB Server)ERROR: [Hsi 55-1452] Error: running open_sw_design.

15:16:54 INFO  : Unable to read in MSS file /home/junhonglin/Xilinx/STsensorhub/sdk_arduino_IKS01A1/IKS01A1_test_bsp/system.mss : null
15:16:54 ERROR : (XSDB Server)ERROR: [Hsi 55-1452] Error: running open_sw_design.

15:16:54 ERROR : Failed to closesw "/home/junhonglin/Xilinx/STsensorhub/sdk_arduino_IKS01A1/IKS01A1_test_bsp/system.mss"
Reason: Cannot close sw design '/home/junhonglin/Xilinx/STsensorhub/sdk_arduino_IKS01A1/IKS01A1_test_bsp/system.mss'.
Design is not opened in the current session.


21:48:31 INFO  : Launching XSCT server: xsct -n -interactive /home/junhonglin/Xilinx/STsensorhub/sdk_arduino_IKS01A1/temp_xsdb_launch_script.tcl
21:48:32 INFO  : XSCT server has started successfully.
21:48:32 INFO  : Successfully done setting XSCT server connection channel  
21:48:38 INFO  : Successfully done setting SDK workspace  
21:48:44 INFO  : Registering command handlers for SDK TCF services
22:17:53 ERROR : (XSDB Server)ERROR: [Hsi 55-1594] Core cpu of version 2.4 not found in repositories

22:17:53 ERROR : (XSDB Server)ERROR: [Hsi 55-1594] Core gpio of version 4.1 not found in repositories
ERROR: [Hsi 55-1594] Core gpio of version 4.1 not found in repositories
ERROR: [Hsi 55-1594] Core gpio of version 4.1 not found in repositories
ERROR: [Hsi 55-1594] Core iic of version 3.2 not found in repositories
ERROR: [Hsi 55-1594] Core iic of version 3.2 not found in repositories
ERROR: [Hsi 55-1594] Core tmrctr of version 4.1 not found in repositories
ERROR: [Hsi 55-1594] Core tmrctr of version 4.1 not found in repositories
ERROR: [Hsi 55-1594] Core tmrctr of version 4.1 not found in repositories
ERROR: [Hsi 55-1594] Core tmrctr of version 4.1 not found in repositories
ERROR: [Hsi 55-1594] Core tmrctr of version 4.1 not found in repositories
ERROR: [Hsi 55-1594] Core tmrctr of version 4.1 not found in repositories
ERROR: [Hsi 55-1594] Core sysmon of version 7.2 not found in repositories
ERROR: [Hsi 55-1594] Core standalone of version 5.4 not found in repositories

22:17:53 ERROR : (XSDB Server)ERROR: [Hsi 55-1452] Error: running open_sw_design.

22:17:53 ERROR :  [Common 17-39] 'hsi::open_sw_design' failed due to earlier errors.
22:17:53 ERROR : (XSDB Server)ERROR: [Hsi 55-1594] Core cpu of version 2.4 not found in repositories

22:17:53 ERROR : (XSDB Server)ERROR: [Hsi 55-1594] Core gpio of version 4.1 not found in repositories

22:17:53 ERROR : (XSDB Server)ERROR: [Hsi 55-1594] Core gpio of version 4.1 not found in repositories

22:17:53 ERROR : (XSDB Server)ERROR: [Hsi 55-1594] Core gpio of version 4.1 not found in repositories

22:17:53 ERROR : (XSDB Server)ERROR: [Hsi 55-1594] Core iic of version 3.2 not found in repositories

22:17:53 ERROR : (XSDB Server)ERROR: [Hsi 55-1594] Core iic of version 3.2 not found in repositories

22:17:53 ERROR : (XSDB Server)ERROR: [Hsi 55-1594] Core tmrctr of version 4.1 not found in repositories

22:17:53 ERROR : (XSDB Server)ERROR: [Hsi 55-1594] Core tmrctr of version 4.1 not found in repositories
ERROR: [Hsi 55-1594] Core tmrctr of version 4.1 not found in repositories

22:17:53 ERROR : (XSDB Server)ERROR: [Hsi 55-1594] Core tmrctr of version 4.1 not found in repositories

22:17:53 ERROR : (XSDB Server)ERROR: [Hsi 55-1594] Core tmrctr of version 4.1 not found in repositories

22:17:53 ERROR : (XSDB Server)ERROR: [Hsi 55-1594] Core tmrctr of version 4.1 not found in repositories

22:17:53 ERROR : (XSDB Server)ERROR: [Hsi 55-1594] Core sysmon of version 7.2 not found in repositories

22:17:53 ERROR : (XSDB Server)ERROR: [Hsi 55-1594] Core standalone of version 5.4 not found in repositories

22:17:53 ERROR : (XSDB Server)ERROR: [Hsi 55-1452] Error: running open_sw_design.

22:17:53 INFO  : Unable to read in MSS file /home/junhonglin/Xilinx/STsensorhub/sdk_arduino_IKS01A1/IKS01A1_test_bsp/system.mss : null
22:17:53 ERROR : (XSDB Server)ERROR: [Hsi 55-1594] Core cpu of version 2.4 not found in repositories

22:17:53 ERROR : (XSDB Server)ERROR: [Hsi 55-1594] Core gpio of version 4.1 not found in repositories
ERROR: [Hsi 55-1594] Core gpio of version 4.1 not found in repositories

22:17:53 ERROR : (XSDB Server)ERROR: [Hsi 55-1594] Core gpio of version 4.1 not found in repositories
ERROR: [Hsi 55-1594] Core iic of version 3.2 not found in repositories
ERROR: [Hsi 55-1594] Core iic of version 3.2 not found in repositories
ERROR: [Hsi 55-1594] Core tmrctr of version 4.1 not found in repositories

22:17:53 ERROR : (XSDB Server)ERROR: [Hsi 55-1594] Core tmrctr of version 4.1 not found in repositories

22:17:53 ERROR : (XSDB Server)ERROR: [Hsi 55-1594] Core tmrctr of version 4.1 not found in repositories

22:17:53 ERROR : (XSDB Server)ERROR: [Hsi 55-1594] Core tmrctr of version 4.1 not found in repositories

22:17:53 ERROR : (XSDB Server)ERROR: [Hsi 55-1594] Core tmrctr of version 4.1 not found in repositories

22:17:53 ERROR : (XSDB Server)ERROR: [Hsi 55-1594] Core tmrctr of version 4.1 not found in repositories

22:17:53 ERROR : (XSDB Server)ERROR: [Hsi 55-1594] Core sysmon of version 7.2 not found in repositories

22:17:53 ERROR : (XSDB Server)ERROR: [Hsi 55-1594] Core standalone of version 5.4 not found in repositories

22:17:53 ERROR : (XSDB Server)ERROR: [Hsi 55-1452] Error: running open_sw_design.

22:17:53 ERROR : (XSDB Server)ERROR: [Hsi 55-1594] Core cpu of version 2.4 not found in repositories

22:17:53 ERROR : (XSDB Server)ERROR: [Hsi 55-1594] Core gpio of version 4.1 not found in repositories
ERROR: [Hsi 55-1594] Core gpio of version 4.1 not found in repositories

22:17:53 ERROR : (XSDB Server)ERROR: [Hsi 55-1594] Core gpio of version 4.1 not found in repositories

22:17:53 ERROR : (XSDB Server)ERROR: [Hsi 55-1594] Core iic of version 3.2 not found in repositories

22:17:53 ERROR : (XSDB Server)ERROR: [Hsi 55-1594] Core iic of version 3.2 not found in repositories

22:17:53 ERROR : (XSDB Server)ERROR: [Hsi 55-1594] Core tmrctr of version 4.1 not found in repositories

22:17:53 ERROR : (XSDB Server)ERROR: [Hsi 55-1594] Core tmrctr of version 4.1 not found in repositories

22:17:53 ERROR : (XSDB Server)ERROR: [Hsi 55-1594] Core tmrctr of version 4.1 not found in repositories

22:17:53 ERROR : (XSDB Server)ERROR: [Hsi 55-1594] Core tmrctr of version 4.1 not found in repositories

22:17:53 ERROR : (XSDB Server)ERROR: [Hsi 55-1594] Core tmrctr of version 4.1 not found in repositories

22:17:53 ERROR : (XSDB Server)ERROR: [Hsi 55-1594] Core tmrctr of version 4.1 not found in repositories

22:17:53 ERROR : (XSDB Server)ERROR: [Hsi 55-1594] Core sysmon of version 7.2 not found in repositories

22:17:53 ERROR : (XSDB Server)ERROR: [Hsi 55-1594] Core standalone of version 5.4 not found in repositories

22:17:53 ERROR : (XSDB Server)ERROR: [Hsi 55-1452] Error: running open_sw_design.

22:17:53 ERROR : Failed to get_connected_periphs
Reason: ERROR: [Common 17-55] 'get_property' expects at least one object.
Resolution: If [get_<value>] was used to populate the object, check to make sure this command returns at least one valid object.

